  ClassesAndFunctions.cpp
H:\AikenStuff\Programming\Isometric\Source\ClassesAndFunctions.cpp(19,14): warning C4244: 'initializing': conversion from 'int' to 'float', possible loss of data
H:\AikenStuff\Programming\Isometric\Source\ClassesAndFunctions.cpp(20,14): warning C4244: 'initializing': conversion from 'int' to 'float', possible loss of data
H:\AikenStuff\Programming\Isometric\Source\ClassesAndFunctions.cpp(44,39): warning C4244: '-=': conversion from 'float' to '_Ty2', possible loss of data
H:\AikenStuff\Programming\Isometric\Source\ClassesAndFunctions.cpp(44,39): warning C4244:         with
H:\AikenStuff\Programming\Isometric\Source\ClassesAndFunctions.cpp(44,39): warning C4244:         [
H:\AikenStuff\Programming\Isometric\Source\ClassesAndFunctions.cpp(44,39): warning C4244:             _Ty2=int
H:\AikenStuff\Programming\Isometric\Source\ClassesAndFunctions.cpp(44,39): warning C4244:         ]
H:\AikenStuff\Programming\Isometric\Source\ClassesAndFunctions.cpp(62,28): warning C4244: '=': conversion from 'int' to 'float', possible loss of data
H:\AikenStuff\Programming\Isometric\Source\ClassesAndFunctions.cpp(63,28): warning C4244: '=': conversion from 'int' to 'float', possible loss of data
H:\AikenStuff\Programming\Isometric\Source\ClassesAndFunctions.cpp(68,28): warning C4244: '=': conversion from 'int' to 'float', possible loss of data
H:\AikenStuff\Programming\Isometric\Source\ClassesAndFunctions.cpp(69,28): warning C4244: '=': conversion from 'int' to 'float', possible loss of data
H:\AikenStuff\Programming\Isometric\Source\ClassesAndFunctions.cpp(74,28): warning C4244: '=': conversion from 'int' to 'float', possible loss of data
H:\AikenStuff\Programming\Isometric\Source\ClassesAndFunctions.cpp(75,28): warning C4244: '=': conversion from 'int' to 'float', possible loss of data
C:\Program Files\Microsoft Visual Studio\2022\Community\VC\Tools\MSVC\14.42.34433\include\utility(263,16): warning C4244: 'initializing': conversion from 'float' to '_Ty1', possible loss of data
C:\Program Files\Microsoft Visual Studio\2022\Community\VC\Tools\MSVC\14.42.34433\include\utility(263,16): warning C4244:         with
C:\Program Files\Microsoft Visual Studio\2022\Community\VC\Tools\MSVC\14.42.34433\include\utility(263,16): warning C4244:         [
C:\Program Files\Microsoft Visual Studio\2022\Community\VC\Tools\MSVC\14.42.34433\include\utility(263,16): warning C4244:             _Ty1=int
C:\Program Files\Microsoft Visual Studio\2022\Community\VC\Tools\MSVC\14.42.34433\include\utility(263,16): warning C4244:         ]
  (compiling source file 'Source/ClassesAndFunctions.cpp')
      C:\Program Files\Microsoft Visual Studio\2022\Community\VC\Tools\MSVC\14.42.34433\include\utility(263,16):
      the template instantiation context (the oldest one first) is
          H:\AikenStuff\Programming\Isometric\Source\ClassesAndFunctions.cpp(130,58):
          see reference to function template instantiation 'std::pair<int,int>::pair<float&,float&,0>(_Other1,_Other2) noexcept' being compiled
          with
          [
              _Other1=float &,
              _Other2=float &
          ]
              H:\AikenStuff\Programming\Isometric\Source\ClassesAndFunctions.cpp(130,32):
              see the first reference to 'std::pair<int,int>::pair' in 'World::Edit'
  
C:\Program Files\Microsoft Visual Studio\2022\Community\VC\Tools\MSVC\14.42.34433\include\utility(263,54): warning C4244: 'initializing': conversion from 'float' to '_Ty2', possible loss of data
C:\Program Files\Microsoft Visual Studio\2022\Community\VC\Tools\MSVC\14.42.34433\include\utility(263,54): warning C4244:         with
C:\Program Files\Microsoft Visual Studio\2022\Community\VC\Tools\MSVC\14.42.34433\include\utility(263,54): warning C4244:         [
C:\Program Files\Microsoft Visual Studio\2022\Community\VC\Tools\MSVC\14.42.34433\include\utility(263,54): warning C4244:             _Ty2=int
C:\Program Files\Microsoft Visual Studio\2022\Community\VC\Tools\MSVC\14.42.34433\include\utility(263,54): warning C4244:         ]
  (compiling source file 'Source/ClassesAndFunctions.cpp')
  
  Isometric.vcxproj -> H:\AikenStuff\Programming\Isometric\x64\Debug\Isometric.exe
  'pwsh.exe' is not recognized as an internal or external command,
  operable program or batch file.
